<?xml version="1.0" encoding="UTF-8"?>
<coverage generated="1693233541686" clover="3.2.0">
  <project timestamp="1693233541687" name="All files">
    <metrics statements="44" coveredstatements="31" conditionals="1" coveredconditionals="0" methods="14" coveredmethods="7" elements="59" coveredelements="38" complexity="0" loc="44" ncloc="44" packages="2" files="2" classes="2"/>
    <package name="parser">
      <metrics statements="22" coveredstatements="9" conditionals="0" coveredconditionals="0" methods="8" coveredmethods="1"/>
      <file name="parser.js" path="/home/nachoprado/Escritorio/ScraperBetis/src/parser/parser.js">
        <metrics statements="22" coveredstatements="9" conditionals="0" coveredconditionals="0" methods="8" coveredmethods="1"/>
        <line num="5" count="1" type="stmt"/>
        <line num="6" count="1" type="stmt"/>
        <line num="8" count="1" type="stmt"/>
        <line num="9" count="0" type="stmt"/>
        <line num="12" count="1" type="stmt"/>
        <line num="13" count="0" type="stmt"/>
        <line num="15" count="1" type="stmt"/>
        <line num="16" count="0" type="stmt"/>
        <line num="18" count="1" type="stmt"/>
        <line num="19" count="0" type="stmt"/>
        <line num="21" count="1" type="stmt"/>
        <line num="22" count="0" type="stmt"/>
        <line num="25" count="1" type="stmt"/>
        <line num="26" count="0" type="stmt"/>
        <line num="34" count="1" type="stmt"/>
        <line num="35" count="0" type="stmt"/>
        <line num="36" count="0" type="stmt"/>
        <line num="37" count="0" type="stmt"/>
        <line num="38" count="0" type="stmt"/>
        <line num="39" count="0" type="stmt"/>
        <line num="42" count="0" type="stmt"/>
        <line num="45" count="0" type="stmt"/>
      </file>
    </package>
    <package name="scraper">
      <metrics statements="22" coveredstatements="22" conditionals="1" coveredconditionals="0" methods="6" coveredmethods="6"/>
      <file name="scraper.js" path="/home/nachoprado/Escritorio/ScraperBetis/src/scraper/scraper.js">
        <metrics statements="22" coveredstatements="22" conditionals="1" coveredconditionals="0" methods="6" coveredmethods="6"/>
        <line num="5" count="1" type="stmt"/>
        <line num="6" count="1" type="stmt"/>
        <line num="7" count="1" type="stmt"/>
        <line num="8" count="1" type="stmt"/>
        <line num="12" count="1" type="stmt"/>
        <line num="13" count="1" type="stmt"/>
        <line num="14" count="1" type="stmt"/>
        <line num="17" count="1" type="stmt"/>
        <line num="18" count="1" type="stmt"/>
        <line num="22" count="1" type="stmt"/>
        <line num="24" count="3" type="stmt"/>
        <line num="25" count="3" type="stmt"/>
        <line num="26" count="3" type="stmt"/>
        <line num="27" count="3" type="stmt"/>
        <line num="28" count="3" type="stmt"/>
        <line num="29" count="3" type="stmt"/>
        <line num="30" count="3" type="stmt"/>
        <line num="33" count="1" type="stmt"/>
        <line num="34" count="1" type="stmt"/>
        <line num="35" count="1" type="stmt"/>
        <line num="36" count="3" type="stmt"/>
        <line num="39" count="1" type="stmt"/>
      </file>
    </package>
  </project>
</coverage>
