<?xml version="1.0" encoding="UTF-8"?>
<coverage generated="1692210168351" clover="3.2.0">
  <project timestamp="1692210168351" name="All files">
    <metrics statements="25" coveredstatements="17" conditionals="1" coveredconditionals="0" methods="8" coveredmethods="5" elements="34" coveredelements="22" complexity="0" loc="25" ncloc="25" packages="2" files="2" classes="2"/>
    <package name="parser">
      <metrics statements="4" coveredstatements="0" conditionals="0" coveredconditionals="0" methods="2" coveredmethods="0"/>
      <file name="parser.js" path="/home/nachoprado/Escritorio/ScraperBetis/src/parser/parser.js">
        <metrics statements="4" coveredstatements="0" conditionals="0" coveredconditionals="0" methods="2" coveredmethods="0"/>
        <line num="5" count="0" type="stmt"/>
        <line num="6" count="0" type="stmt"/>
        <line num="8" count="0" type="stmt"/>
        <line num="9" count="0" type="stmt"/>
      </file>
    </package>
    <package name="scraper">
      <metrics statements="21" coveredstatements="17" conditionals="1" coveredconditionals="0" methods="6" coveredmethods="5"/>
      <file name="scraper.js" path="/home/nachoprado/Escritorio/ScraperBetis/src/scraper/scraper.js">
        <metrics statements="21" coveredstatements="17" conditionals="1" coveredconditionals="0" methods="6" coveredmethods="5"/>
        <line num="5" count="1" type="stmt"/>
        <line num="6" count="1" type="stmt"/>
        <line num="7" count="1" type="stmt"/>
        <line num="8" count="1" type="stmt"/>
        <line num="12" count="1" type="stmt"/>
        <line num="13" count="1" type="stmt"/>
        <line num="14" count="1" type="stmt"/>
        <line num="17" count="1" type="stmt"/>
        <line num="18" count="1" type="stmt"/>
        <line num="22" count="1" type="stmt"/>
        <line num="23" count="1" type="stmt"/>
        <line num="24" count="1" type="stmt"/>
        <line num="25" count="1" type="stmt"/>
        <line num="26" count="1" type="stmt"/>
        <line num="27" count="1" type="stmt"/>
        <line num="28" count="1" type="stmt"/>
        <line num="31" count="1" type="stmt"/>
        <line num="32" count="0" type="stmt"/>
        <line num="33" count="0" type="stmt"/>
        <line num="34" count="0" type="stmt"/>
        <line num="36" count="0" type="stmt"/>
      </file>
    </package>
  </project>
</coverage>
