{"/home/nachoprado/Escritorio/ScraperBetis/src/parser/parser.js": {"path":"/home/nachoprado/Escritorio/ScraperBetis/src/parser/parser.js","statementMap":{"0":{"start":{"line":5,"column":8},"end":{"line":5,"column":25}},"1":{"start":{"line":6,"column":8},"end":{"line":6,"column":40}},"2":{"start":{"line":8,"column":16},"end":{"line":11,"column":5}},"3":{"start":{"line":9,"column":8},"end":{"line":9,"column":69}},"4":{"start":{"line":13,"column":15},"end":{"line":15,"column":5}}},"fnMap":{"0":{"name":"(anonymous_0)","decl":{"start":{"line":4,"column":4},"end":{"line":4,"column":5}},"loc":{"start":{"line":4,"column":22},"end":{"line":7,"column":5}},"line":4},"1":{"name":"(anonymous_1)","decl":{"start":{"line":8,"column":16},"end":{"line":8,"column":17}},"loc":{"start":{"line":8,"column":22},"end":{"line":11,"column":5}},"line":8},"2":{"name":"(anonymous_2)","decl":{"start":{"line":13,"column":15},"end":{"line":13,"column":16}},"loc":{"start":{"line":13,"column":21},"end":{"line":15,"column":5}},"line":13}},"branchMap":{},"s":{"0":1,"1":1,"2":1,"3":1,"4":1},"f":{"0":1,"1":1,"2":0},"b":{},"_coverageSchema":"1a1c01bbd47fc00a2c39e90264f33305004495a9","hash":"d0c977b523ab8703246743d5e800dcc95657c1f4"}
,"/home/nachoprado/Escritorio/ScraperBetis/src/scraper/scraper.js": {"path":"/home/nachoprado/Escritorio/ScraperBetis/src/scraper/scraper.js","statementMap":{"0":{"start":{"line":5,"column":8},"end":{"line":5,"column":28}},"1":{"start":{"line":6,"column":8},"end":{"line":6,"column":25}},"2":{"start":{"line":7,"column":8},"end":{"line":7,"column":33}},"3":{"start":{"line":8,"column":8},"end":{"line":8,"column":78}},"4":{"start":{"line":12,"column":11},"end":{"line":15,"column":5}},"5":{"start":{"line":13,"column":8},"end":{"line":13,"column":74}},"6":{"start":{"line":14,"column":8},"end":{"line":14,"column":49}},"7":{"start":{"line":17,"column":12},"end":{"line":20,"column":5}},"8":{"start":{"line":18,"column":8},"end":{"line":18,"column":35}},"9":{"start":{"line":22,"column":12},"end":{"line":31,"column":5}},"10":{"start":{"line":24,"column":18},"end":{"line":24,"column":41}},"11":{"start":{"line":25,"column":8},"end":{"line":25,"column":24}},"12":{"start":{"line":26,"column":8},"end":{"line":26,"column":26}},"13":{"start":{"line":27,"column":8},"end":{"line":27,"column":34}},"14":{"start":{"line":28,"column":8},"end":{"line":28,"column":64}},"15":{"start":{"line":28,"column":37},"end":{"line":28,"column":62}},"16":{"start":{"line":29,"column":24},"end":{"line":29,"column":49}},"17":{"start":{"line":30,"column":8},"end":{"line":30,"column":23}},"18":{"start":{"line":33,"column":17},"end":{"line":41,"column":5}},"19":{"start":{"line":34,"column":22},"end":{"line":34,"column":24}},"20":{"start":{"line":35,"column":8},"end":{"line":37,"column":9}},"21":{"start":{"line":35,"column":21},"end":{"line":35,"column":22}},"22":{"start":{"line":36,"column":12},"end":{"line":36,"column":43}},"23":{"start":{"line":39,"column":8},"end":{"line":39,"column":23}}},"fnMap":{"0":{"name":"(anonymous_0)","decl":{"start":{"line":4,"column":4},"end":{"line":4,"column":5}},"loc":{"start":{"line":4,"column":33},"end":{"line":10,"column":5}},"line":4},"1":{"name":"(anonymous_1)","decl":{"start":{"line":12,"column":11},"end":{"line":12,"column":12}},"loc":{"start":{"line":12,"column":23},"end":{"line":15,"column":5}},"line":12},"2":{"name":"(anonymous_2)","decl":{"start":{"line":17,"column":12},"end":{"line":17,"column":13}},"loc":{"start":{"line":17,"column":24},"end":{"line":20,"column":5}},"line":17},"3":{"name":"(anonymous_3)","decl":{"start":{"line":22,"column":12},"end":{"line":22,"column":13}},"loc":{"start":{"line":22,"column":28},"end":{"line":31,"column":5}},"line":22},"4":{"name":"(anonymous_4)","decl":{"start":{"line":28,"column":26},"end":{"line":28,"column":27}},"loc":{"start":{"line":28,"column":37},"end":{"line":28,"column":62}},"line":28},"5":{"name":"(anonymous_5)","decl":{"start":{"line":33,"column":17},"end":{"line":33,"column":18}},"loc":{"start":{"line":33,"column":34},"end":{"line":41,"column":5}},"line":33}},"branchMap":{"0":{"loc":{"start":{"line":4,"column":16},"end":{"line":4,"column":31}},"type":"default-arg","locations":[{"start":{"line":4,"column":27},"end":{"line":4,"column":31}}],"line":4}},"s":{"0":1,"1":1,"2":1,"3":1,"4":1,"5":1,"6":1,"7":1,"8":1,"9":1,"10":3,"11":3,"12":3,"13":3,"14":3,"15":3,"16":3,"17":3,"18":1,"19":1,"20":1,"21":1,"22":3,"23":1},"f":{"0":1,"1":1,"2":1,"3":3,"4":3,"5":1},"b":{"0":[0]},"_coverageSchema":"1a1c01bbd47fc00a2c39e90264f33305004495a9","hash":"0813e04a3521dfa04b3db732a66ff4f56ff2ce5a"}
}
