TN:
SF:src/parser/parser.js
FN:4,(anonymous_0)
FN:8,(anonymous_1)
FN:12,(anonymous_2)
FN:15,(anonymous_3)
FN:18,(anonymous_4)
FN:21,(anonymous_5)
FN:25,(anonymous_6)
FN:34,(anonymous_7)
FNF:8
FNH:1
FNDA:1,(anonymous_0)
FNDA:0,(anonymous_1)
FNDA:0,(anonymous_2)
FNDA:0,(anonymous_3)
FNDA:0,(anonymous_4)
FNDA:0,(anonymous_5)
FNDA:0,(anonymous_6)
FNDA:0,(anonymous_7)
DA:5,1
DA:6,1
DA:8,1
DA:9,0
DA:12,1
DA:13,0
DA:15,1
DA:16,0
DA:18,1
DA:19,0
DA:21,1
DA:22,0
DA:25,1
DA:26,0
DA:34,1
DA:35,0
DA:36,0
DA:37,0
DA:38,0
DA:39,0
DA:42,0
DA:45,0
LF:22
LH:9
BRF:0
BRH:0
end_of_record
TN:
SF:src/scraper/scraper.js
FN:4,(anonymous_0)
FN:12,(anonymous_1)
FN:17,(anonymous_2)
FN:22,(anonymous_3)
FN:28,(anonymous_4)
FN:33,(anonymous_5)
FNF:6
FNH:6
FNDA:1,(anonymous_0)
FNDA:1,(anonymous_1)
FNDA:1,(anonymous_2)
FNDA:3,(anonymous_3)
FNDA:3,(anonymous_4)
FNDA:1,(anonymous_5)
DA:5,1
DA:6,1
DA:7,1
DA:8,1
DA:12,1
DA:13,1
DA:14,1
DA:17,1
DA:18,1
DA:22,1
DA:24,3
DA:25,3
DA:26,3
DA:27,3
DA:28,3
DA:29,3
DA:30,3
DA:33,1
DA:34,1
DA:35,1
DA:36,3
DA:39,1
LF:22
LH:22
BRDA:4,0,0,0
BRF:1
BRH:0
end_of_record
